<?xml version="1.0" encoding="UTF-8"?>
<!-- Generated by org.testng.reporters.JUnitXMLReporter -->
<testsuite hostname="DESKTOP-BG9IMGR" ignored="2" name="Buying Cheap Computer" tests="7" failures="2" timestamp="2022-03-09T14:42:00 ICT" time="17.047" errors="0">
  <testcase name="testCheapCompBuying" time="8.251" classname="test.order.CheapComputerBuyingTest"/>
  <testcase name="testCheapCompBuying" time="1.147" classname="test.order.CheapComputerBuyingTest"/>
  <testcase name="testCheapCompBuying" time="1.362" classname="test.order.CheapComputerBuyingTest"/>
  <testcase name="testSomething" time="0.007" classname="test.order.CheapComputerBuyingTest">
    <failure type="java.lang.AssertionError" message="Failed by....sth">
      <![CDATA[java.lang.AssertionError: Failed by....sth
at test.order.CheapComputerBuyingTest.testSomething(CheapComputerBuyingTest.java:33)
at java.util.ArrayList.forEach(ArrayList.java:1259)
at java.util.concurrent.FutureTask.run(FutureTask.java:266)
at java.util.concurrent.ThreadPoolExecutor.runWorker(ThreadPoolExecutor.java:1149)
at java.util.concurrent.ThreadPoolExecutor$Worker.run(ThreadPoolExecutor.java:624)
at java.lang.Thread.run(Thread.java:750)
... Removed 19 stack frames]]>
    </failure>
  </testcase> <!-- testSomething -->
  <testcase name="testCategoryPageFooter" time="0.705" classname="test.global.FooterTest">
    <failure type="java.lang.AssertionError" message="null">
      <![CDATA[java.lang.AssertionError: null
at test.global.FooterTest.testCategoryPageFooter(FooterTest.java:43)
at java.util.ArrayList.forEach(ArrayList.java:1259)
at java.util.concurrent.FutureTask.run(FutureTask.java:266)
at java.util.concurrent.ThreadPoolExecutor.runWorker(ThreadPoolExecutor.java:1149)
at java.util.concurrent.ThreadPoolExecutor$Worker.run(ThreadPoolExecutor.java:624)
at java.lang.Thread.run(Thread.java:750)
... Removed 20 stack frames]]>
    </failure>
  </testcase> <!-- testCategoryPageFooter -->
  <testcase name="testHomepageFooter" time="2.802" classname="test.global.FooterTest"/>
  <testcase name="testRegisterPageFooter" time="1.291" classname="test.global.FooterTest"/>
  <testcase name="@AfterTest afterTest" time="0.0" classname="test.BaseTest">
    <ignored/>
  </testcase> <!-- @AfterTest afterTest -->
  <testcase name="@BeforeTest beforeTest" time="0.0" classname="test.BaseTest">
    <ignored/>
  </testcase> <!-- @BeforeTest beforeTest -->
</testsuite> <!-- Buying Cheap Computer -->
