<?xml version="1.0" encoding="UTF-8"?>
<!-- Generated by org.testng.reporters.JUnitXMLReporter -->
<testsuite hostname="DESKTOP-BG9IMGR" ignored="0" name="Buying Standard Computer" tests="3" failures="0" timestamp="2022-03-09T14:41:55 ICT" time="11.956" errors="0">
  <testcase name="testStandardCompBuying" time="8.464" classname="test.order.StandardComputerBuyingTest"/>
  <testcase name="testStandardCompBuying" time="1.285" classname="test.order.StandardComputerBuyingTest"/>
  <testcase name="testStandardCompBuying" time="1.38" classname="test.order.StandardComputerBuyingTest"/>
</testsuite> <!-- Buying Standard Computer -->
