<?xml version="1.0" encoding="UTF-8"?>
<!-- Generated by org.testng.reporters.JUnitXMLReporter -->
<testsuite hostname="DESKTOP-BG9IMGR" ignored="0" name="Global UI" tests="3" failures="1" timestamp="2022-02-23T15:03:02 ICT" time="11.176" errors="0">
  <testcase name="testCategoryPageFooter" time="2.348" classname="test.global.FooterTest">
    <failure type="java.lang.AssertionError" message="null">
      <![CDATA[java.lang.AssertionError: null
at test.global.FooterTest.testCategoryPageFooter(FooterTest.java:40)
at java.util.ArrayList.forEach(ArrayList.java:1259)
... Removed 33 stack frames]]>
    </failure>
  </testcase> <!-- testCategoryPageFooter -->
  <testcase name="testHomepageFooter" time="2.962" classname="test.global.FooterTest"/>
  <testcase name="testRegisterPageFooter" time="1.045" classname="test.global.FooterTest"/>
</testsuite> <!-- Global UI -->
