<?xml version="1.0" encoding="UTF-8"?>
<!-- Generated by org.testng.reporters.JUnitXMLReporter -->
<testsuite hostname="Tus-MacBook-Pro.attlocal.net" ignored="0" name="Group 1" tests="3" failures="0" timestamp="2022-03-20T09:05:21 CDT" time="64.818" errors="0">
  <testcase name="testStandardCompBuying" time="41.288" classname="test.order.StandardComputerBuyingTest"/>
  <testcase name="testStandardCompBuying" time="12.047" classname="test.order.StandardComputerBuyingTest"/>
  <testcase name="testStandardCompBuying" time="11.297" classname="test.order.StandardComputerBuyingTest"/>
</testsuite> <!-- Group 1 -->
