<?xml version="1.0" encoding="UTF-8"?>
<!-- Generated by org.testng.reporters.JUnitXMLReporter -->
<testsuite hostname="Tus-MacBook-Pro.attlocal.net" ignored="0" name="Group 2" tests="7" failures="2" timestamp="2022-03-20T09:05:20 CDT" time="63.612" errors="0">
  <testcase name="testCheapCompBuying" time="39.863" classname="test.order.CheapComputerBuyingTest"/>
  <testcase name="testCheapCompBuying" time="11.594" classname="test.order.CheapComputerBuyingTest"/>
  <testcase name="testCheapCompBuying" time="11.458" classname="test.order.CheapComputerBuyingTest"/>
  <testcase name="testSomething" time="0.008" classname="test.order.CheapComputerBuyingTest">
    <failure type="java.lang.AssertionError" message="Failed by....sth">
      <![CDATA[java.lang.AssertionError: Failed by....sth
at test.order.CheapComputerBuyingTest.testSomething(CheapComputerBuyingTest.java:48)
at java.util.ArrayList.forEach(ArrayList.java:1257)
at java.util.concurrent.FutureTask.run(FutureTask.java:266)
at java.util.concurrent.ThreadPoolExecutor.runWorker(ThreadPoolExecutor.java:1149)
at java.util.concurrent.ThreadPoolExecutor$Worker.run(ThreadPoolExecutor.java:624)
at java.lang.Thread.run(Thread.java:748)
... Removed 19 stack frames]]>
    </failure>
  </testcase> <!-- testSomething -->
  <testcase name="testUserDataCollection" time="0.001" classname="test.testng_dataprovider.TestUserData"/>
  <testcase name="testUserDataCollection" time="0.001" classname="test.testng_dataprovider.TestUserData">
    <failure type="java.lang.AssertionError" message="[ERR] name is not started with T expected [true] but found [false]">
      <![CDATA[java.lang.AssertionError: [ERR] name is not started with T expected [true] but found [false]
at test.testng_dataprovider.TestUserData.testUserDataCollection(TestUserData.java:13)
at java.util.ArrayList.forEach(ArrayList.java:1257)
at java.util.concurrent.FutureTask.run(FutureTask.java:266)
at java.util.concurrent.ThreadPoolExecutor.runWorker(ThreadPoolExecutor.java:1149)
at java.util.concurrent.ThreadPoolExecutor$Worker.run(ThreadPoolExecutor.java:624)
at java.lang.Thread.run(Thread.java:748)
... Removed 21 stack frames]]>
    </failure>
  </testcase> <!-- testUserDataCollection -->
  <testcase name="testUserDataCollection" time="0.001" classname="test.testng_dataprovider.TestUserData"/>
</testsuite> <!-- Group 2 -->
