<?xml version="1.0" encoding="UTF-8"?>
<testng-results ignored="0" total="1" passed="1" failed="0" skipped="0">
  <reporter-output>
  </reporter-output>
  <suite started-at="2022-01-21T22:39:17 ICT" name="Regression" finished-at="2022-01-21T22:39:27 ICT" duration-ms="10694">
    <groups>
    </groups>
    <test started-at="2022-01-21T22:39:17 ICT" name="Global UI" finished-at="2022-01-21T22:39:27 ICT" duration-ms="10694">
      <class name="test.global.FooterTest">
        <test-method is-config="true" signature="beforeSuite()[pri:0, instance:test.global.FooterTest@fa49800]" started-at="2022-01-21T22:39:17 ICT" name="beforeSuite" finished-at="2022-01-21T22:39:17 ICT" duration-ms="6" status="PASS">
          <reporter-output>
          </reporter-output>
        </test-method> <!-- beforeSuite -->
        <test-method signature="testHomepageFooter()[pri:0, instance:test.global.FooterTest@fa49800]" started-at="2022-01-21T22:39:17 ICT" name="testHomepageFooter" finished-at="2022-01-21T22:39:27 ICT" duration-ms="10671" status="PASS">
          <reporter-output>
          </reporter-output>
        </test-method> <!-- testHomepageFooter -->
        <test-method is-config="true" signature="afterSuite()[pri:0, instance:test.global.FooterTest@fa49800]" started-at="2022-01-21T22:39:27 ICT" name="afterSuite" finished-at="2022-01-21T22:39:27 ICT" duration-ms="0" status="PASS">
          <reporter-output>
          </reporter-output>
        </test-method> <!-- afterSuite -->
      </class> <!-- test.global.FooterTest -->
    </test> <!-- Global UI -->
  </suite> <!-- Regression -->
</testng-results>
