<?xml version="1.0" encoding="UTF-8"?>
<testsuite xmlns:xsi="http://www.w3.org/2001/XMLSchema-instance" xsi:noNamespaceSchemaLocation="https://maven.apache.org/surefire/maven-surefire-plugin/xsd/surefire-test-report-3.0.xsd" version="3.0" name="TestSuite" time="12.425" tests="3" errors="0" skipped="0" failures="1">
  <properties>
[...]
</properties>
  <testcase name="testCategoryPageFooter" classname="test.global.FooterTest" time="2.406">
    <failure message="null" type="java.lang.AssertionError"><![CDATA[java.lang.AssertionError: null
	at test.global.FooterTest.testCategoryPageFooter(FooterTest.java:40)
]]></failure>
    <system-err><![CDATA[SLF4J: Failed to load class "org.slf4j.impl.StaticLoggerBinder".
SLF4J: Defaulting to no-operation (NOP) logger implementation
SLF4J: See http://www.slf4j.org/codes.html#StaticLoggerBinder for further details.
Starting ChromeDriver 98.0.4758.80 (7f0488e8ba0d8e019187c6325a16c29d9b7f4989-refs/branch-heads/4758@{#972}) on port 55122
Only local connections are allowed.
Please see https://chromedriver.chromium.org/security-considerations for suggestions on keeping ChromeDriver safe.
ChromeDriver was started successfully.
Feb 23, 2022 3:02:54 PM org.openqa.selenium.remote.ProtocolHandshake createSession
INFO: Detected dialect: W3C
Feb 23, 2022 3:02:55 PM org.openqa.selenium.devtools.CdpVersionFinder findNearestMatch
WARNING: Unable to find an exact match for CDP version 98, so returning the closest version found: 96
Feb 23, 2022 3:02:55 PM org.openqa.selenium.devtools.CdpVersionFinder findNearestMatch
INFO: Found CDP implementation for version 98 of 96
]]></system-err>
  </testcase>
  <testcase name="testHomepageFooter" classname="test.global.FooterTest" time="2.976">
    <system-out><![CDATA[Sitemap
Shipping & Returns
Privacy Notice
Conditions of Use
About us
Contact us
http://demowebshop.tricentis.com/sitemap
http://demowebshop.tricentis.com/shipping-returns
http://demowebshop.tricentis.com/privacy-policy
http://demowebshop.tricentis.com/conditions-of-use
http://demowebshop.tricentis.com/about-us
http://demowebshop.tricentis.com/contactus
HomePage | verifyCustomerColumn...
Search
News
Blog
Recently viewed products
Compare products list
New products
http://demowebshop.tricentis.com/search
http://demowebshop.tricentis.com/news
http://demowebshop.tricentis.com/blog
http://demowebshop.tricentis.com/recentlyviewedproducts
http://demowebshop.tricentis.com/compareproducts
http://demowebshop.tricentis.com/newproducts
My account
Orders
Addresses
Shopping cart
Wishlist
http://demowebshop.tricentis.com/customer/info
http://demowebshop.tricentis.com/customer/orders
http://demowebshop.tricentis.com/customer/addresses
http://demowebshop.tricentis.com/cart
http://demowebshop.tricentis.com/wishlist
Facebook
Twitter
RSS
YouTube
Google+
http://www.facebook.com/nopCommerce
https://twitter.com/nopCommerce
http://demowebshop.tricentis.com/news/rss/1
http://www.youtube.com/user/nopCommerce
https://plus.google.com/+nopcommerce
]]></system-out>
  </testcase>
  <testcase name="testRegisterPageFooter" classname="test.global.FooterTest" time="1.044">
    <system-out><![CDATA[Sitemap
Shipping & Returns
Privacy Notice
Conditions of Use
About us
Contact us
http://demowebshop.tricentis.com/sitemap
http://demowebshop.tricentis.com/shipping-returns
http://demowebshop.tricentis.com/privacy-policy
http://demowebshop.tricentis.com/conditions-of-use
http://demowebshop.tricentis.com/about-us
http://demowebshop.tricentis.com/contactus
My account
Orders
Addresses
Shopping cart
Wishlist
http://demowebshop.tricentis.com/customer/info
http://demowebshop.tricentis.com/customer/orders
http://demowebshop.tricentis.com/customer/addresses
http://demowebshop.tricentis.com/cart
http://demowebshop.tricentis.com/wishlist
Facebook
Twitter
RSS
YouTube
Google+
http://www.facebook.com/nopCommerce
https://twitter.com/nopCommerce
http://demowebshop.tricentis.com/news/rss/1
http://www.youtube.com/user/nopCommerce
https://plus.google.com/+nopcommerce
]]></system-out>
  </testcase>
</testsuite>